make.exe all --print-data-base --no-builtin-variables --no-builtin-rules --question
# GNU Make 3.82.90
# Built for i686-pc-mingw32
# Copyright (C) 1988-2012 Free Software Foundation, Inc.
# License GPLv3+: GNU GPL version 3 or later <http://gnu.org/licenses/gpl.html>
# This is free software: you are free to change and redistribute it.
# There is NO WARRANTY, to the extent permitted by law.
 

# Make data base, printed on Tue Aug 09 12:10:53 2022

# Variables

# environment
POWERSHELL_DISTRIBUTION_CHANNEL = MSI:Windows 10 Pro
# automatic
?F = $(notdir $?)
# automatic
<D = $(patsubst %/,%,$(patsubst %\,%,$(dir $<)))
# environment
VSCODE_CODE_CACHE_PATH = C:\Users\baber\AppData\Roaming\Code\CachedData\3b889b090b5ad5793f524b5d1d39fda662b96a2a
# default
.SHELLFLAGS := -c
# makefile
MAKEFLAGS = Rrqp
# automatic
?D = $(patsubst %/,%,$(patsubst %\,%,$(dir $?)))
# automatic
@D = $(patsubst %/,%,$(patsub 
st %\,%,$(dir $@)))
# environment
HOMEDRIVE = C:
# automatic
@F = $(notdir $@)
# automatic
^D = $(patsubst %/,%,$(patsubst %\,%,$(dir $^)))
# makefile
CURDIR := e:/go_project/src/keyauth
# default
SHELL := C:/Program Files/Git/usr/bin/sh.exe
# environment
WINDIR = C:\WINDOWS
# environment
VSCODE_NLS_CONFIG = {"locale":"zh-cn","availableLanguages":{"*":"zh-cn"},"_languagePackId":"1d735750dbb1b9066c7513078396ba0f.zh-cn","_translationsConfigFile":"C:\\Users\\baber\\AppData\\Roaming\\Code\\clp\\1d735750dbb1b9066c7513078396ba0f.zh-cn\\tcf.json","_cacheRoot":"C:\\Users\\baber\\AppData\\Roaming\\Code\\clp\\1d735750dbb1b9066c7513078396ba0f.zh-cn","_resolvedLanguagePackCoreLocation":"C:\\Users\\baber\\AppData\\Roaming\\Code\\clp\\1d735750dbb1b9066c7513078396ba0f.zh-cn\\3b889b090b5ad5793f524b5d1d39fda662b96a2a","_corruptedFile":"C:\\Users\\baber\\AppData\\Roaming\\Code\\clp\\1d735750dbb1b9066c7513078396ba0f.zh-cn\\corrupted.info","_languagePackSupport":true}
# environment
_ = E:/Microsoft VS Code/Code.exe
# environment
ONEDRIVE = C:\Users\baber\OneDrive
# makefile (from 'makefile', line 4)
IMAGE_PREFIX := "codeup.aliyun.com/baber/go/keyauth"
# environment
PATHEXT = .COM;.EXE;.BAT;.CMD;.VBS;.VBE;.JS;.JSE;.WSF;.WSH;.MSC
# makefile (from 'makefile', line 1)
MAKEFILE_LIST :=  makefile
# environment
GO111MODULE = on
# environment
TMP = C:\Users\baber\AppData\Local\Temp
# environment
TOOLBOX_VERSION = 1.25.12627
# environment
VSCODE_AMD_ENTRYPOINT = vs/workbench/api/node/extensionHostProcess
# environment
PROGRAMW6432 = C:\Program Files
# makefile (from 'makefile', line 11)
MCUBE_VERSION := v1.9.0
# environment
PROGRAMDATA = C:\ProgramData
# makefile (from 'makefile', line 15)
BUILD_COMMIT := 55eec550c91e4a2ee18e1ca194d2dd7c912ac26c
# environment
VSCODE_CWD = E:\go_project\src\keyauth
# environment
GOPROXY = https://goproxy.cn
# environment
_INTELLIJ_FORCE_SET_GOROOT = E:/Go
# environment
PATH = E:\Go\bin;C:\Program Files\Git\mingw64\bin;C:\Program Files\Git\usr\bin;C:\Users\baber\bin;E:\go_project\bin;C:\WINDOWS\system32;C:\WINDOWS;C:\WINDOWS\System32\Wbem;C:\WINDOWS\System32\WindowsPowerShell\v1.0;C:\WINDOWS\System32\OpenSSH;C:\Program Files\Docker\Docker\resources\bin;C:\ProgramData\DockerDesktop\version-bin;C:\Program Files\Git\cmd;E:\PHP\8.1.7;E:\ComposerSetup;C:\Program Files\PowerShell\7;C:\Users\baber\AppData\Local\Microsoft\WindowsApps;C:\Users\baber\AppData\Roaming\Composer\vendor\bin;C:\Users\baber\AppData\Local\JetBrains\Toolbox\scripts;E:\protoc-21.2\bin;C:\Users\baber\go\bin;C:\MinGW\bin;E:\Microsoft VS Code\bin;C:\Users\baber\go\bin;E:\go_project\bin;C:\Users\baber\AppData\Local\GitHubDesktop\bin
# environment
COMMONPROGRAMW6432 = C:\Program Files\Common Files
# environment
LC_ALL = C
# environment
PROCESSOR_ARCHITECTURE = x86
# environment
USERPROFILE = C:\Users\baber
# environment
EXEPATH = C:\Program Files\Git\bin
# environment
ALLUSERSPROFILE = C:\ProgramData
# environment
GOPATH = E:\go_project
# makefile (from 'makefile', line 7)
PKG_LIST := codeup.aliyun.com/baber/go/keyauth codeup.aliyun.com/baber/go/keyauth/apps/all codeup.aliyun.com/baber/go/keyauth/apps/book codeup.aliyun.com/baber/go/keyauth/apps/book/api codeup.aliyun.com/baber/go/keyauth/apps/book/impl codeup.aliyun.com/baber/go/keyauth/apps/token codeup.aliyun.com/baber/go/keyauth/apps/token/api codeup.aliyun.com/baber/go/keyauth/apps/token/impl codeup.aliyun.com/baber/go/keyauth/apps/user codeup.aliyun.com/baber/go/keyauth/apps/user/api codeup.aliyun.com/baber/go/keyauth/apps/user/impl codeup.aliyun.com/baber/go/keyauth/client/rpc codeup.aliyun.com/baber/go/keyauth/cmd codeup.aliyun.com/baber/go/keyauth/common/utils codeup.aliyun.com/baber/go/keyauth/conf codeup.aliyun.com/baber/go/keyauth/protocol codeup.aliyun.com/baber/go/keyauth/swagger codeup.aliyun.com/baber/go/keyauth/version
# environment
PLINK_PROTOCOL = ssh
# environment
NUMBER_OF_PROCESSORS = 12
# environment
ELECTRON_RUN_AS_NODE = 1
# default
.FEATURES := target-specific order-only second-expansion else-if shortest-stem undefine oneshell archives jobserver
# automatic
%F = $(notdir $%)
# environment
CHROME_CRASHPAD_PIPE_NAME = \\.\pipe\crashpad_12152_XIUVGXWZIROPFMBO
# environment
_INTELLIJ_FORCE_PREPEND_PATH = E:\Go\bin;E:\go_project\bin;
# makefile (from 'makefile', line 18)
VERSION_PATH := ""codeup.aliyun.com/baber/go/keyauth"/version"
# environment
COMPUTERNAME = DESKTOP-0ANGR2F
# environment
PWD = E:/go_project/src/keyauth
# makefile (from 'makefile', line 6)
MOD_DIR := E:\go_project/pkg/mod
# environment
PROGRAMFILES = C:\Program Files (x86)
# environment
DRIVERDATA = C:\Windows\System32\Drivers\DriverData
# makefile (from 'makefile', line 3)
PKG := "codeup.aliyun.com/baber/go/keyauth"
# environment
ORIGINAL_XDG_CURRENT_DESKTOP = undefined
# environment
USERNAME = baber
# environment
PUBLIC = C:\Users\Public
# environment
GOMODCACHE = E:\Go\pkg\mod
# environment
HOME = C:\Users\baber
# environment
TERMINAL_EMULATOR = JetBrains-JediTerm
# environment
VSCODE_CLI = 1
# environment
IDEA_INITIAL_DIRECTORY = C:\Users\baber\AppData\Local\JetBrains\Toolbox\apps\Goland\ch-0\222.3345.118\bin
# environment
APPLICATION_INSIGHTS_NO_DIAGNOSTIC_CHANNEL = true
# environment
COMMONPROGRAMFILES = C:\Program Files (x86)\Common Files
# environment
LOGONSERVER = \\DESKTOP-0ANGR2F
# environment
ONEDRIVECONSUMER = C:\Users\baber\OneDrive
# environment
VSCODE_HANDLES_UNCAUGHT_ERRORS = true
# environment
USERDOMAIN = DESKTOP-0ANGR2F
# environment
MAKELEVEL := 0
# default
MAKE = $(MAKE_COMMAND)
# default
MAKECMDGOALS := all
# environment
SHLVL = 2
# environment
TERM_SESSION_ID = 239de284-b753-4ffb-ba7f-a7c321e51de0
# de 
fault
MAKE_VERSION := 3.82.90
# makefile
.DEFAULT_GOAL := all
# makefile (from 'makefile', line 14)
BUILD_BRANCH := master
# environment
GOROOT = E:/Go
# environment
PROGRAMFILES(X86) = C:\Program Files (x86)
# automatic
%D = $(patsubst %/,%,$(patsubst %\,%,$(dir $%)))
# environment
LOCALAPPDATA = C:\Users\baber\AppData\Local
# environment
PSMODULEPATH = %ProgramFiles%\WindowsPowerShell\Modules;C:\WINDOWS\system32\WindowsPowerShell\v1.0\Modules
# default
MAKE_COMMAND := make.exe
# environment
PROCESSOR_ARCHITEW6432 = AMD64
# default
.VARIABLES := 
# automatic
*F = $(notdir $*)
# environment
PROCESSOR_IDENTIFIER = Intel64 Family 6 Model 165 Stepping 3, GenuineIntel
# environment
OS = Windows_NT
# environment
VSCODE_IPC_HOOK = \\.\pipe\04294d520fd0a1a4233eb8758d6a005e-1.69.2-main-sock
# makefile (from 'makefile', line 16)
BUILD_TIME := 2022-08-09 12:10:53
# environment
HOMEPATH = \Users\baber
# environment
COMMONPROGRAMFILES(X86) = C:\Program Files (x86)\Common Files
# environment
PROMPT = $P$G
# environment
MFLAGS = -Rrqp
# automatic
*D = $(patsubst %/,%,$(patsubst %\,%,$(dir $*)))
# environment
SYSTEMROOT = C:\WINDOWS
# makefile (from 'makefile', line 17)
BUILD_GO_VERSION := go1.18.2 windows/amd64
# automatic
+D = $(patsubst %/,%,$(patsubst %\,%,$(dir $+)))
# automatic
+F = $(notdir $+)
# environment
_INTELLIJ_FORCE_SET_GO111MODULE = on
# environment
APPDATA = C:\Users\baber\AppData\Roaming
# environment
TEMP = C:\Users\baber\AppData\Local\Temp
# environment
COMSPEC = C:\WINDOWS\system32\cmd.exe
# environment
__INTELLIJ_COMMAND_HISTFILE__ = C:\Users\baber\AppData\Local\JetBrains\GoLand2022.2\terminal\history\keyauth-history
# environment
MSYSTEM = MINGW64
# default
MAKEFILES := 
# automatic
<F = $(notdir $<)
# makefile (from 'makefile', line 1)
PROJECT_NAME := "keyauth"
# environment
ELECTRON_NO_ATTACH_CONSOLE = 1
# automatic
^F = $(notdir $^)
# makefile (from 'makefile', line 10)
MCUBE_MODULE := "github.com/infraboard/mcube"
# makefile (from 'makefile', line 8)
GO_FILES := ./apps/all/api.go ./apps/all/impl.go ./apps/all/internal.go ./apps/book/api/book.go ./apps/book/api/http.go ./apps/book/app.go ./apps/book/book.pb.go ./apps/book/book_grpc.pb.go ./apps/book/impl/book.go ./apps/book/impl/dao.go ./apps/book/impl/impl.go ./apps/token/api/http.go ./apps/token/api/token.go ./apps/token/app.go ./apps/token/impl/dao.go ./apps/token/impl/impl.go ./apps/token/impl/token.go ./apps/token/token.pb.go ./apps/token/token_enum.pb.go ./apps/token/token_grpc.pb.go ./apps/user/api/http.go ./apps/user/api/user.go ./apps/user/app.go ./apps/user/impl/dao.go ./apps/user/impl/impl.go ./apps/user/impl/user.go ./apps/user/user.pb.go ./apps/user/user_enum.pb.go ./apps/user/user_grpc.pb.go ./client/rpc/client.go ./cmd/init.go ./cmd/root.go ./cmd/start.go ./common/utils/exception.go ./common/utils/hash.go ./common/utils/token.go ./conf/config.go ./conf/load.go ./conf/log.go ./main.go ./protocol/grpc.go ./protocol/http.go ./swagger/docs.go ./version/version.go
# default
SUFFIXES := 
# environment
SYSTEMDRIVE = C:
# environment
SESSIONNAME = C 
onsole
# environment
PROCESSOR_REVISION = a503
# default
.INCLUDE_DIRS = C:/MinGW/include
# environment
_INTELLIJ_FORCE_SET_GOPATH = E:\go_project
# default
.RECIPEPREFIX := 
# environment
LANG = C
# environment
PROCESSOR_LEVEL = 6
# environment
TERM = xterm-256color
# environment
VSCODE_PID = 12152
# makefile (from 'makefile', line 12)
MCUBE_PKG_PATH := E:\go_project/pkg/mod/"github.com/infraboard/mcube"@v1.9.0
# makefile (from 'makefile', line 2)
MAIN_FILE_PAHT := "main.go"
# environment
USERDOMAIN_ROAMINGPROFILE = DESKTOP-0ANGR2F
# variable set hash-table stats:
# Load=125/1024=12%, Rehash=0, Collisions=24/184=13%

# Pattern-specific Variable Values

# No pattern-specific variable values.

# Directories

# C:\Program Files\Git\usr\bin (key C:/Program Files/Git/usr/bin, mtime 1657785146): 307 files, no impossibilities so far.
# . (key e:/go_project/src/keyauth, mtime 1660018044): 22 files, no impossibilities.
# C:\Program Files\Git\mingw64\bin (key C:/Program Files/Git/mingw64/bin, mtime 1656745688): 143 files, no impossibilities.
# E:\Go\bin (key E:/Go/bin, mtime 1657789144): 7 files, no impossibilities.

# 479 files, no impossibilities in 4 directories.

# Implicit Rules

# No implicit rules.

# Files

all: build
#  Phony target (prerequisite of .PHONY).
#  Command line target.
#  Implicit rule search has not been done.
#  File does not exist.
#  File has been updated.
#  Needs to be updated (-q is set).
# variable set hash-table stats:
# Load=0/32=0%, Rehash=0, Collisions=0/3=0%

.PHONY: all dep lint vet t 
est test-coverage build clean
#  Implicit rule search has not been done.
#  Modification time never checked.
#  File has not been updated.

test-coverage:
#  Phony target (prerequisite of .PHONY).
#  Implicit rule search has not been done.
#  File does not exist.
#  File has not been updated.
#  recipe to execute (from 'makefile', line 37):
	@go test -short -coverprofile cover.out -covermode=atomic ${PKG_LIST} 
	@cat cover.out >> coverage.txt

# Not a target:
.SUFFIXES:
#  Implicit rule search has not been done.
#  Modification time never checked.
#  File has not been updated.

test:
#  Phony target (prerequisite of .PHONY).
#  Implicit rule search has not been done.
#  File does not exist.
#  File has not been updated.
#  recipe to execute (from 'makefile', line 34):
	@go test -short ${PKG_LIST}
	

gen:
#  Implicit rule search has not been done.
#  Modification time never checked.
#  File has not been updated.
#  recipe to execute (from 'makefile', line 68):
	@protoc -I=. -I=common/pb --go_out=. --go_opt=module=${PKG} --go-grpc_out=. --go-grpc_opt=module=${PKG} apps/*/pb/*.proto
	@go fmt ./...
	@protoc-go-inject-tag -input=apps/*/*.pb.go
	@mcube generate enum -p -m apps/*/*.pb.go

dep:
#  Phony target (prerequisite of .PHONY).
#  Implicit rule search has not been done.
#  Implicit/static pattern stem: ''
#  File does not exist.
#  File has been updated.
#  Needs to be updated (-q is set).
# automatic
# @ := dep
# automatic
# % := 
# automatic
# * := 
# automatic
# + := 
# automatic
# | := 
# automatic
# < := 
 
# automatic
# ^ := 
# automatic
# ? := 
# variable set hash-table stats:
# Load=8/32=25%, Rehash=0, Collisions=1/11=9%
#  recipe to execute (from 'makefile', line 25):
	@go mod tidy

# Not a target:
makefile:
#  Implicit rule search has been done.
#  Last modified 2022-08-08 12:53:22
#  File has been updated.
#  Successfully updated.

build: dep
#  Phony target (prerequisite of .PHONY).
#  Implicit rule search has not been done.
#  File does not exist.
#  File has been updated.
#  Needs to be updated (-q is set).
# variable set hash-table stats:
# Load=0/32=0%, Rehash=0, Collisions=0/3=0%
#  recipe to execute (from 'makefile', line 41):
	@go build -a -o dist/${OUTPUT_NAME} -ldflags "-s -w" -ldflags "-X '${VERSION_PATH}.GIT_BRANCH=${BUILD_BRANCH}' -X '${VERSION_PATH}.GIT_COMMIT=${BUILD_COMMIT}' -X '${VERSION_PATH}.BUILD_TIME=${BUILD_TIME}' -X '${VERSION_PATH}.GO_VERSION=${BUILD_GO_VERSION}'" ${MAIN_FILE}

vet:
#  Phony target (prerequisite of .PHONY).
#  Implicit rule search has not been done.
#  File does not exist.
#  File has not been updated.
#  recipe to execute (from 'makefile', line 31):
	@go vet ${PKG_LIST}

help:
#  Implicit rule search has not been done.
#  Modification time never checked.
#  File has not been updated.
#  recipe to execute (from 'makefile', line 76):
	@grep -h -E '^[a-zA-Z_-]+:.*?## .*$$' $(MAKEFILE_LIST) | awk 'BEGIN {FS = ":.*?## "}; {printf "\033[36m%-30s\033[0m %s\n", $$1, $$2}'

pb:
#  Implicit rule search has not been done.
#  Modification time never checked.
#  File has not been 
 updated.
#  recipe to execute (from 'makefile', line 63):
	@mkdir -pv common/pb/github.com/infraboard/mcube/pb
	@cp -r /e/Go/pkg/mod/github.com/infraboard/mcube@v1.8.6/pb/* common/pb/github.com/infraboard/mcube/pb
	@rm -rf common/pb/github.com/infraboard/mcube/pb/*/*.go

# Not a target:
.DEFAULT:
#  Implicit rule search has not been done.
#  Modification time never checked.
#  File has not been updated.

run: install dep
#  Implicit rule search has not been done.
#  Modification time never checked.
#  File has not been updated.
#  recipe to execute (from 'makefile', line 50):
	@go run main.go start

clean:
#  Phony target (prerequisite of .PHONY).
#  Implicit rule search has not been done.
#  File does not exist.
#  File has not been updated.
#  recipe to execute (from 'makefile', line 53):
	@go clean .
	@rm -f dist/${PROJECT_NAME}

init: dep
#  Implicit rule search has not been done.
#  Modification time never checked.
#  File has not been updated.
#  recipe to execute (from 'makefile', line 47):
	@go run main.go init

linux: dep
#  Implicit rule search has not been done.
#  Modification time never checked.
#  File has not been updated.
#  recipe to execute (from 'makefile', line 44):
	@GOOS=linux GOARCH=amd64 go build -a -o dist/${OUTPUT_NAME} -ldflags "-s -w" -ldflags "-X '${VERSION_PATH}.GIT_BRANCH=${BUILD_BRANCH}' -X '${VERSION_PATH}.GIT_COMMIT=${BUILD_COMMIT}' -X '${VERSION_PATH}.BUILD_TIME=${BUILD_TIME}' -X '${VERSION_PATH}.GO_VERSION=${BUILD_GO_VERSION}'" ${MAIN_FILE}

lint:
#  Phony target (prerequisi 
te of .PHONY).
#  Implicit rule search has not been done.
#  File does not exist.
#  File has not been updated.
#  recipe to execute (from 'makefile', line 28):
	@golint -set_exit_status ${PKG_LIST}

install:
#  Implicit rule search has not been done.
#  Modification time never checked.
#  File has not been updated.
#  recipe to execute (from 'makefile', line 57):
	@go install github.com/infraboard/mcube/cmd/mcube@latest
	@go install google.golang.org/protobuf/cmd/protoc-gen-go@latest
	@go install google.golang.org/grpc/cmd/protoc-gen-go-grpc@latest
	@go install github.com/favadi/protoc-go-inject-tag@latest

# files hash-table stats:
# Load=19/1024=2%, Rehash=0, Collisions=0/53=0%
# VPATH Search Paths

# No 'vpath' search paths.

# No general ('VPATH' variable) search path.

# strcache buffers: 1 (0) / strings = 476 / storage = 6420 B / avg = 13 B
# current buf: size = 8174 B / used = 6420 B / count = 476 / avg = 13 B

# strcache performance: lookups = 536 / hit rate = 11%
# hash-table stats:
# Load=476/8192=6%, Rehash=0, Collisions=25/536=5%
# Finished Make data base on Tue Aug 09 12:10:53 2022

 
